<?xml version="1.0" encoding="UTF-8"?>
<coverage generated="1712397555511" clover="3.2.0">
  <project timestamp="1712397555511" name="All files">
    <metrics statements="38" coveredstatements="36" conditionals="15" coveredconditionals="14" methods="18" coveredmethods="16" elements="71" coveredelements="66" complexity="0" loc="38" ncloc="38" packages="1" files="1" classes="1"/>
    <file name="OggDudeDataElement.mjs" path="/Users/hervedarritchon/Workspace/Perso/FoundryVTT/StarWarsEdge/foundryvtt-swes/module/settings/models/OggDudeDataElement.mjs">
      <metrics statements="38" coveredstatements="36" conditionals="15" coveredconditionals="14" methods="18" coveredmethods="16"/>
      <line num="24" count="1" type="stmt"/>
      <line num="30" count="1" type="stmt"/>
      <line num="36" count="1" type="stmt"/>
      <line num="42" count="1" type="stmt"/>
      <line num="54" count="19" type="stmt"/>
      <line num="61" count="19" type="stmt"/>
      <line num="68" count="19" type="stmt"/>
      <line num="75" count="19" type="stmt"/>
      <line num="82" count="19" type="stmt"/>
      <line num="88" count="19" type="stmt"/>
      <line num="94" count="19" type="stmt"/>
      <line num="101" count="5" type="stmt"/>
      <line num="109" count="2" type="stmt"/>
      <line num="117" count="2" type="stmt"/>
      <line num="126" count="0" type="stmt"/>
      <line num="127" count="0" type="stmt"/>
      <line num="139" count="4" type="stmt"/>
      <line num="140" count="6" type="stmt"/>
      <line num="141" count="6" type="cond" truecount="2" falsecount="0"/>
      <line num="142" count="4" type="stmt"/>
      <line num="144" count="6" type="stmt"/>
      <line num="145" count="6" type="stmt"/>
      <line num="156" count="5" type="stmt"/>
      <line num="157" count="8" type="stmt"/>
      <line num="159" count="6" type="stmt"/>
      <line num="160" count="6" type="cond" truecount="2" falsecount="0"/>
      <line num="161" count="4" type="stmt"/>
      <line num="163" count="6" type="stmt"/>
      <line num="164" count="6" type="stmt"/>
      <line num="175" count="19" type="cond" truecount="2" falsecount="0"/>
      <line num="184" count="19" type="cond" truecount="2" falsecount="0"/>
      <line num="193" count="19" type="cond" truecount="2" falsecount="0"/>
      <line num="201" count="19" type="stmt"/>
      <line num="202" count="15" type="stmt"/>
      <line num="203" count="15" type="cond" truecount="2" falsecount="0"/>
      <line num="204" count="11" type="stmt"/>
      <line num="205" count="4" type="cond" truecount="2" falsecount="0"/>
      <line num="206" count="3" type="stmt"/>
    </file>
  </project>
</coverage>
