{"/Users/hervedarritchon/Workspace/Perso/FoundryVTT/StarWarsEdge/foundryvtt-swes/module/settings/models/OggDudeDataElement.mjs": {"path":"/Users/hervedarritchon/Workspace/Perso/FoundryVTT/StarWarsEdge/foundryvtt-swes/module/settings/models/OggDudeDataElement.mjs","statementMap":{"0":{"start":{"line":24,"column":38},"end":{"line":24,"column":75}},"1":{"start":{"line":30,"column":19},"end":{"line":30,"column":26}},"2":{"start":{"line":36,"column":17},"end":{"line":36,"column":22}},"3":{"start":{"line":42,"column":23},"end":{"line":42,"column":34}},"4":{"start":{"line":54,"column":8},"end":{"line":54,"column":68}},"5":{"start":{"line":61,"column":8},"end":{"line":61,"column":80}},"6":{"start":{"line":68,"column":8},"end":{"line":68,"column":72}},"7":{"start":{"line":75,"column":8},"end":{"line":75,"column":39}},"8":{"start":{"line":82,"column":12},"end":{"line":82,"column":63}},"9":{"start":{"line":82,"column":19},"end":{"line":82,"column":62}},"10":{"start":{"line":88,"column":14},"end":{"line":88,"column":61}},"11":{"start":{"line":88,"column":21},"end":{"line":88,"column":60}},"12":{"start":{"line":94,"column":12},"end":{"line":94,"column":57}},"13":{"start":{"line":94,"column":19},"end":{"line":94,"column":56}},"14":{"start":{"line":101,"column":8},"end":{"line":101,"column":26}},"15":{"start":{"line":109,"column":8},"end":{"line":109,"column":34}},"16":{"start":{"line":117,"column":8},"end":{"line":117,"column":30}},"17":{"start":{"line":126,"column":8},"end":{"line":128,"column":11}},"18":{"start":{"line":127,"column":12},"end":{"line":127,"column":52}},"19":{"start":{"line":139,"column":7},"end":{"line":146,"column":15}},"20":{"start":{"line":140,"column":24},"end":{"line":140,"column":37}},"21":{"start":{"line":141,"column":12},"end":{"line":143,"column":13}},"22":{"start":{"line":142,"column":16},"end":{"line":142,"column":34}},"23":{"start":{"line":144,"column":12},"end":{"line":144,"column":39}},"24":{"start":{"line":145,"column":12},"end":{"line":145,"column":27}},"25":{"start":{"line":156,"column":8},"end":{"line":165,"column":15}},"26":{"start":{"line":157,"column":33},"end":{"line":157,"column":79}},"27":{"start":{"line":159,"column":24},"end":{"line":159,"column":45}},"28":{"start":{"line":160,"column":12},"end":{"line":162,"column":13}},"29":{"start":{"line":161,"column":16},"end":{"line":161,"column":34}},"30":{"start":{"line":163,"column":12},"end":{"line":163,"column":39}},"31":{"start":{"line":164,"column":12},"end":{"line":164,"column":27}},"32":{"start":{"line":175,"column":19},"end":{"line":175,"column":104}},"33":{"start":{"line":175,"column":38},"end":{"line":175,"column":104}},"34":{"start":{"line":184,"column":23},"end":{"line":184,"column":107}},"35":{"start":{"line":184,"column":42},"end":{"line":184,"column":107}},"36":{"start":{"line":193,"column":23},"end":{"line":193,"column":89}},"37":{"start":{"line":193,"column":42},"end":{"line":193,"column":89}},"38":{"start":{"line":201,"column":19},"end":{"line":208,"column":5}},"39":{"start":{"line":202,"column":26},"end":{"line":202,"column":51}},"40":{"start":{"line":203,"column":8},"end":{"line":207,"column":9}},"41":{"start":{"line":204,"column":12},"end":{"line":204,"column":44}},"42":{"start":{"line":205,"column":15},"end":{"line":207,"column":9}},"43":{"start":{"line":206,"column":12},"end":{"line":206,"column":42}}},"fnMap":{"0":{"name":"(anonymous_0)","decl":{"start":{"line":48,"column":4},"end":{"line":48,"column":5}},"loc":{"start":{"line":48,"column":31},"end":{"line":76,"column":5}},"line":48},"1":{"name":"(anonymous_1)","decl":{"start":{"line":82,"column":12},"end":{"line":82,"column":13}},"loc":{"start":{"line":82,"column":19},"end":{"line":82,"column":62}},"line":82},"2":{"name":"(anonymous_2)","decl":{"start":{"line":88,"column":14},"end":{"line":88,"column":15}},"loc":{"start":{"line":88,"column":21},"end":{"line":88,"column":60}},"line":88},"3":{"name":"(anonymous_3)","decl":{"start":{"line":94,"column":12},"end":{"line":94,"column":13}},"loc":{"start":{"line":94,"column":19},"end":{"line":94,"column":56}},"line":94},"4":{"name":"(anonymous_4)","decl":{"start":{"line":100,"column":4},"end":{"line":100,"column":5}},"loc":{"start":{"line":100,"column":15},"end":{"line":102,"column":5}},"line":100},"5":{"name":"(anonymous_5)","decl":{"start":{"line":108,"column":4},"end":{"line":108,"column":5}},"loc":{"start":{"line":108,"column":23},"end":{"line":110,"column":5}},"line":108},"6":{"name":"(anonymous_6)","decl":{"start":{"line":116,"column":4},"end":{"line":116,"column":5}},"loc":{"start":{"line":116,"column":19},"end":{"line":118,"column":5}},"line":116},"7":{"name":"(anonymous_7)","decl":{"start":{"line":125,"column":4},"end":{"line":125,"column":5}},"loc":{"start":{"line":125,"column":21},"end":{"line":129,"column":5}},"line":125},"8":{"name":"(anonymous_8)","decl":{"start":{"line":126,"column":44},"end":{"line":126,"column":45}},"loc":{"start":{"line":126,"column":58},"end":{"line":128,"column":9}},"line":126},"9":{"name":"(anonymous_9)","decl":{"start":{"line":137,"column":4},"end":{"line":137,"column":5}},"loc":{"start":{"line":137,"column":33},"end":{"line":147,"column":5}},"line":137},"10":{"name":"(anonymous_10)","decl":{"start":{"line":139,"column":30},"end":{"line":139,"column":31}},"loc":{"start":{"line":139,"column":52},"end":{"line":146,"column":9}},"line":139},"11":{"name":"(anonymous_11)","decl":{"start":{"line":154,"column":4},"end":{"line":154,"column":5}},"loc":{"start":{"line":154,"column":38},"end":{"line":166,"column":5}},"line":154},"12":{"name":"(anonymous_12)","decl":{"start":{"line":157,"column":20},"end":{"line":157,"column":21}},"loc":{"start":{"line":157,"column":33},"end":{"line":157,"column":79}},"line":157},"13":{"name":"(anonymous_13)","decl":{"start":{"line":158,"column":20},"end":{"line":158,"column":21}},"loc":{"start":{"line":158,"column":42},"end":{"line":165,"column":9}},"line":158},"14":{"name":"(anonymous_14)","decl":{"start":{"line":175,"column":19},"end":{"line":175,"column":20}},"loc":{"start":{"line":175,"column":38},"end":{"line":175,"column":104}},"line":175},"15":{"name":"(anonymous_15)","decl":{"start":{"line":184,"column":23},"end":{"line":184,"column":24}},"loc":{"start":{"line":184,"column":42},"end":{"line":184,"column":107}},"line":184},"16":{"name":"(anonymous_16)","decl":{"start":{"line":193,"column":23},"end":{"line":193,"column":24}},"loc":{"start":{"line":193,"column":42},"end":{"line":193,"column":89}},"line":193},"17":{"name":"(anonymous_17)","decl":{"start":{"line":201,"column":19},"end":{"line":201,"column":20}},"loc":{"start":{"line":201,"column":33},"end":{"line":208,"column":5}},"line":201}},"branchMap":{"0":{"loc":{"start":{"line":48,"column":16},"end":{"line":48,"column":29}},"type":"default-arg","locations":[{"start":{"line":48,"column":27},"end":{"line":48,"column":29}}],"line":48},"1":{"loc":{"start":{"line":141,"column":12},"end":{"line":143,"column":13}},"type":"if","locations":[{"start":{"line":141,"column":12},"end":{"line":143,"column":13}},{"start":{},"end":{}}],"line":141},"2":{"loc":{"start":{"line":160,"column":12},"end":{"line":162,"column":13}},"type":"if","locations":[{"start":{"line":160,"column":12},"end":{"line":162,"column":13}},{"start":{},"end":{}}],"line":160},"3":{"loc":{"start":{"line":175,"column":38},"end":{"line":175,"column":104}},"type":"cond-expr","locations":[{"start":{"line":175,"column":44},"end":{"line":175,"column":46}},{"start":{"line":175,"column":49},"end":{"line":175,"column":104}}],"line":175},"4":{"loc":{"start":{"line":184,"column":42},"end":{"line":184,"column":107}},"type":"cond-expr","locations":[{"start":{"line":184,"column":48},"end":{"line":184,"column":56}},{"start":{"line":184,"column":59},"end":{"line":184,"column":107}}],"line":184},"5":{"loc":{"start":{"line":193,"column":42},"end":{"line":193,"column":89}},"type":"cond-expr","locations":[{"start":{"line":193,"column":48},"end":{"line":193,"column":59}},{"start":{"line":193,"column":62},"end":{"line":193,"column":89}}],"line":193},"6":{"loc":{"start":{"line":203,"column":8},"end":{"line":207,"column":9}},"type":"if","locations":[{"start":{"line":203,"column":8},"end":{"line":207,"column":9}},{"start":{"line":205,"column":15},"end":{"line":207,"column":9}}],"line":203},"7":{"loc":{"start":{"line":205,"column":15},"end":{"line":207,"column":9}},"type":"if","locations":[{"start":{"line":205,"column":15},"end":{"line":207,"column":9}},{"start":{},"end":{}}],"line":205}},"s":{"0":1,"1":1,"2":1,"3":1,"4":19,"5":19,"6":19,"7":19,"8":19,"9":5,"10":19,"11":3,"12":19,"13":3,"14":5,"15":2,"16":2,"17":0,"18":0,"19":4,"20":6,"21":6,"22":4,"23":6,"24":6,"25":5,"26":8,"27":6,"28":6,"29":4,"30":6,"31":6,"32":19,"33":19,"34":19,"35":19,"36":19,"37":19,"38":19,"39":15,"40":15,"41":11,"42":4,"43":3},"f":{"0":19,"1":5,"2":3,"3":3,"4":5,"5":2,"6":2,"7":0,"8":0,"9":4,"10":6,"11":5,"12":8,"13":6,"14":19,"15":19,"16":19,"17":15},"b":{"0":[0],"1":[4,2],"2":[4,2],"3":[4,15],"4":[4,15],"5":[4,15],"6":[11,4],"7":[3,1]},"_coverageSchema":"1a1c01bbd47fc00a2c39e90264f33305004495a9","hash":"1e6d081938058b1e94f3288d8876615cdd3170ae"}
}
