TN:
SF:module/settings/models/OggDudeDataElement.mjs
FN:48,(anonymous_0)
FN:82,(anonymous_1)
FN:88,(anonymous_2)
FN:94,(anonymous_3)
FN:100,(anonymous_4)
FN:108,(anonymous_5)
FN:116,(anonymous_6)
FN:125,(anonymous_7)
FN:126,(anonymous_8)
FN:137,(anonymous_9)
FN:139,(anonymous_10)
FN:154,(anonymous_11)
FN:157,(anonymous_12)
FN:158,(anonymous_13)
FN:175,(anonymous_14)
FN:184,(anonymous_15)
FN:193,(anonymous_16)
FN:201,(anonymous_17)
FNF:18
FNH:16
FNDA:19,(anonymous_0)
FNDA:5,(anonymous_1)
FNDA:3,(anonymous_2)
FNDA:3,(anonymous_3)
FNDA:5,(anonymous_4)
FNDA:2,(anonymous_5)
FNDA:2,(anonymous_6)
FNDA:0,(anonymous_7)
FNDA:0,(anonymous_8)
FNDA:4,(anonymous_9)
FNDA:6,(anonymous_10)
FNDA:5,(anonymous_11)
FNDA:8,(anonymous_12)
FNDA:6,(anonymous_13)
FNDA:19,(anonymous_14)
FNDA:19,(anonymous_15)
FNDA:19,(anonymous_16)
FNDA:15,(anonymous_17)
DA:24,1
DA:30,1
DA:36,1
DA:42,1
DA:54,19
DA:61,19
DA:68,19
DA:75,19
DA:82,19
DA:88,19
DA:94,19
DA:101,5
DA:109,2
DA:117,2
DA:126,0
DA:127,0
DA:139,4
DA:140,6
DA:141,6
DA:142,4
DA:144,6
DA:145,6
DA:156,5
DA:157,8
DA:159,6
DA:160,6
DA:161,4
DA:163,6
DA:164,6
DA:175,19
DA:184,19
DA:193,19
DA:201,19
DA:202,15
DA:203,15
DA:204,11
DA:205,4
DA:206,3
LF:38
LH:36
BRDA:48,0,0,0
BRDA:141,1,0,4
BRDA:141,1,1,2
BRDA:160,2,0,4
BRDA:160,2,1,2
BRDA:175,3,0,4
BRDA:175,3,1,15
BRDA:184,4,0,4
BRDA:184,4,1,15
BRDA:193,5,0,4
BRDA:193,5,1,15
BRDA:203,6,0,11
BRDA:203,6,1,4
BRDA:205,7,0,3
BRDA:205,7,1,1
BRF:15
BRH:14
end_of_record
